<?xml version="1.0" encoding="UTF-8" ?>
<testsuite errors="1" failures="0" hostname="schist.med.yale.edu" name="edu.wustl.catissuecore.cagrid.test.TestSuites" tests="1" time="2.488" timestamp="2012-05-18T15:03:52">
  <properties>
[...]
</properties>
  <testcase classname="edu.yale.med.krauthammerlab.catissuecore.cagrid.test.CreateStorageContainer" name="testCreateStorageContainer" time="2.366">
    <error type="gov.nih.nci.cagrid.data.faults.QueryProcessingExceptionType">AxisFault
 faultCode: {http://schemas.xmlsoap.org/soap/envelope/}Server.generalException
 faultSubcode: 
 faultString: java.lang.NullPointerException
 faultActor: 
 faultNode: 
 faultDetail: 
	{http://gov.nih.nci.cagrid.data/DataServiceExceptions}QueryProcessingException:&lt;ns2:Timestamp xmlns:ns2=&quot;http://docs.oasis-open.org/wsrf/2004/06/wsrf-WS-BaseFaults-1.2-draft-01.xsd&quot;&gt;2012-05-18T15:03:54.666Z&lt;/ns2:Timestamp&gt;&lt;ns3:Originator xmlns:ns3=&quot;http://docs.oasis-open.org/wsrf/2004/06/wsrf-WS-BaseFaults-1.2-draft-01.xsd&quot;&gt;&lt;ns4:Address xmlns:ns4=&quot;http://schemas.xmlsoap.org/ws/2004/03/addressing&quot;&gt;https://catissuesvc.wustl.edu:443/wsrf/services/cagrid/Catissue_cacore&lt;/ns4:Address&gt;&lt;ns5:ReferenceProperties xmlns:ns5=&quot;http://schemas.xmlsoap.org/ws/2004/03/addressing&quot;/&gt;&lt;ns6:ReferenceParameters xmlns:ns6=&quot;http://schemas.xmlsoap.org/ws/2004/03/addressing&quot;/&gt;&lt;/ns3:Originator&gt;
	{http://xml.apache.org/axis/}exceptionName:gov.nih.nci.cagrid.data.faults.QueryProcessingExceptionType
	{http://xml.apache.org/axis/}stackTrace:
	at edu.wustl.catissuecore.domain.service.Catissue_cacoreImpl.getError(Catissue_cacoreImpl.java:24)
	at edu.wustl.catissuecore.domain.service.Catissue_cacoreImpl.insert(Catissue_cacoreImpl.java:37)
	at edu.wustl.catissuecore.domain.service.globus.Catissue_cacoreProviderImpl.insert(Catissue_cacoreProviderImpl.java:31)
	at org.apache.axis.providers.java.RPCProvider.invokeMethod(RPCProvider.java:384)
	at org.globus.axis.providers.RPCProvider.invokeMethodSub(RPCProvider.java:107)
	at org.globus.axis.providers.PrivilegedInvokeMethodAction.run(PrivilegedInvokeMethodAction.java:42)
	at java.security.AccessController.doPrivileged(Native Method)
	at javax.security.auth.Subject.doAs(Subject.java:396)
	at org.globus.gsi.jaas.GlobusSubject.runAs(GlobusSubject.java:55)
	at org.globus.gsi.jaas.JaasSubject.doAs(JaasSubject.java:90)
	at org.globus.axis.providers.RPCProvider.invokeMethod(RPCProvider.java:97)
	at org.apache.axis.providers.java.RPCProvider.processMessage(RPCProvider.java:281)
	at org.apache.axis.providers.java.JavaProvider.invoke(JavaProvider.java:319)
	at org.apache.axis.strategies.InvocationStrategy.visit(InvocationStrategy.java:32)
	at org.apache.axis.SimpleChain.doVisiting(SimpleChain.java:118)
	at org.apache.axis.SimpleChain.invoke(SimpleChain.java:83)
	at org.apache.axis.handlers.soap.SOAPService.invoke(SOAPService.java:450)
	at org.apache.axis.server.AxisServer.invoke(AxisServer.java:285)
	at org.apache.axis.transport.http.AxisServlet.doPost(AxisServlet.java:697)
	at javax.servlet.http.HttpServlet.service(HttpServlet.java:647)
	at org.apache.axis.transport.http.AxisServletBase.service(AxisServletBase.java:327)
	at javax.servlet.http.HttpServlet.service(HttpServlet.java:729)
	at org.apache.catalina.core.ApplicationFilterChain.internalDoFilter(ApplicationFilterChain.java:269)
	at org.apache.catalina.core.ApplicationFilterChain.doFilter(ApplicationFilterChain.java:188)
	at org.apache.catalina.core.StandardWrapperValve.invoke(StandardWrapperValve.java:213)
	at org.apache.catalina.core.StandardContextValve.invoke(StandardContextValve.java:172)
	at org.apache.catalina.core.StandardHostValve.invoke(StandardHostValve.java:127)
	at org.apache.catalina.valves.ErrorReportValve.invoke(ErrorReportValve.java:117)
	at org.apache.catalina.core.StandardEngineValve.invoke(StandardEngineValve.java:108)
	at org.globus.tomcat.coyote.valves.HTTPSValve55.invoke(HTTPSValve55.java:45)
	at org.apache.catalina.connector.CoyoteAdapter.service(CoyoteAdapter.java:174)
	at org.apache.coyote.http11.Http11Processor.process(Http11Processor.java:875)
	at org.apache.coyote.http11.Http11BaseProtocol$Http11ConnectionHandler.processConnection(Http11BaseProtocol.java:665)
	at org.apache.tomcat.util.net.PoolTcpEndpoint.processSocket(PoolTcpEndpoint.java:528)
	at org.apache.tomcat.util.net.LeaderFollowerWorkerThread.runIt(LeaderFollowerWorkerThread.java:81)
	at org.apache.tomcat.util.threads.ThreadPool$ControlRunnable.run(ThreadPool.java:689)
	at java.lang.Thread.run(Thread.java:619)

	{http://xml.apache.org/axis/}hostname:jbso1m1.deid.cbmi.wucon.wustl.edu

java.lang.NullPointerException
	at java.lang.reflect.Constructor.newInstance(Constructor.java:513)
	at java.lang.Class.newInstance0(Class.java:355)
	at java.lang.Class.newInstance(Class.java:308)
	at org.apache.axis.encoding.ser.BeanDeserializer.&lt;init&gt;(BeanDeserializer.java:90)
	at org.apache.axis.encoding.ser.BeanDeserializer.&lt;init&gt;(BeanDeserializer.java:76)
	at gov.nih.nci.cagrid.data.faults.QueryProcessingExceptionType.getDeserializer(QueryProcessingExceptionType.java:90)
	at org.apache.axis.encoding.ser.BaseDeserializerFactory.getSpecialized(BaseDeserializerFactory.java:154)
	at org.apache.axis.encoding.ser.BaseDeserializerFactory.getDeserializerAs(BaseDeserializerFactory.java:84)
	at org.apache.axis.encoding.DeserializationContext.getDeserializer(DeserializationContext.java:464)
	at org.apache.axis.encoding.DeserializationContext.getDeserializerForType(DeserializationContext.java:547)
	at org.apache.axis.message.SOAPFaultDetailsBuilder.onStartChild(SOAPFaultDetailsBuilder.java:157)
	at org.apache.axis.encoding.DeserializationContext.startElement(DeserializationContext.java:1035)
	at org.apache.xerces.parsers.AbstractSAXParser.startElement(Unknown Source)
	at org.apache.xerces.impl.XMLNSDocumentScannerImpl.scanStartElement(Unknown Source)
	at org.apache.xerces.impl.XMLDocumentFragmentScannerImpl$FragmentContentDispatcher.dispatch(Unknown Source)
	at org.apache.xerces.impl.XMLDocumentFragmentScannerImpl.scanDocument(Unknown Source)
	at org.apache.xerces.parsers.XML11Configuration.parse(Unknown Source)
	at org.apache.xerces.parsers.XML11Configuration.parse(Unknown Source)
	at org.apache.xerces.parsers.XMLParser.parse(Unknown Source)
	at org.apache.xerces.parsers.AbstractSAXParser.parse(Unknown Source)
	at org.apache.xerces.jaxp.SAXParserImpl$JAXPSAXParser.parse(Unknown Source)
	at javax.xml.parsers.SAXParser.parse(SAXParser.java:395)
	at org.apache.axis.encoding.DeserializationContext.parse(DeserializationContext.java:227)
	at org.apache.axis.SOAPPart.getAsSOAPEnvelope(SOAPPart.java:645)
	at org.apache.axis.Message.getSOAPEnvelope(Message.java:424)
	at org.apache.axis.message.addressing.handler.AddressingHandler.processClientResponse(AddressingHandler.java:305)
	at org.apache.axis.message.addressing.handler.AddressingHandler.invoke(AddressingHandler.java:110)
	at org.apache.axis.strategies.InvocationStrategy.visit(InvocationStrategy.java:32)
	at org.apache.axis.SimpleChain.doVisiting(SimpleChain.java:118)
	at org.apache.axis.SimpleChain.invoke(SimpleChain.java:83)
	at org.apache.axis.client.AxisClient.invoke(AxisClient.java:190)
	at org.apache.axis.client.Call.invokeEngine(Call.java:2727)
	at org.apache.axis.client.Call.invoke(Call.java:2710)
	at org.apache.axis.client.Call.invoke(Call.java:2386)
	at org.apache.axis.client.Call.invoke(Call.java:2309)
	at org.apache.axis.client.Call.invoke(Call.java:1766)
	at edu.wustl.catissuecore.domain.stubs.bindings.Catissue_cacorePortTypeSOAPBindingStub.insert(Catissue_cacorePortTypeSOAPBindingStub.java:1473)
	at edu.wustl.catissuecore.domain.client.Catissue_cacoreClient.insert(Catissue_cacoreClient.java:249)
	at edu.yale.med.krauthammerlab.catissuecore.cagrid.test.TestBase.makeContainer(TestBase.java:107)
	at edu.yale.med.krauthammerlab.catissuecore.cagrid.test.CreateStorageContainer.testCreateStorageContainer(CreateStorageContainer.java:40)
</error>
  </testcase>
  <system-out><![CDATA[11:03:52,744 WARN  [JavaUtils] Unable to find required classes (javax.activation.DataHandler and javax.mail.internet.MimeMultipart). Attachment support is disabled.
]]></system-out>
  <system-err><![CDATA[]]></system-err>
</testsuite>
